[INFO ] 2020-10-30 10:24:39.678 [main] BankLogger - User input was 1
[INFO ] 2020-10-30 10:24:44.899 [main] BankLogger - User input was 3
[INFO ] 2020-10-30 11:24:05.939 [main] BankLogger - User input was 2
[INFO ] 2020-10-30 11:24:08.399 [main] BankLogger - User input was 1
[INFO ] 2020-10-30 11:24:29.551 [main] BankLogger - User input was 7
[INFO ] 2020-10-30 11:37:24.546 [main] BankLogger - User input was 2
[INFO ] 2020-10-30 11:37:26.026 [main] BankLogger - User input was 1
[INFO ] 2020-10-30 11:37:26.031 [main] BankLogger - Logged in as DEFAULT
[INFO ] 2020-10-30 11:37:48.146 [main] BankLogger - User input was 7
[INFO ] 2020-11-02 14:46:53.202 [main] BankLogger - User input was 2
[INFO ] 2020-11-02 14:47:35.833 [main] BankLogger - User input was 1
[INFO ] 2020-11-02 14:49:50.179 [main] BankLogger - User input was 2
[INFO ] 2020-11-02 14:52:39.227 [main] BankLogger - User input was 1
[INFO ] 2020-11-02 14:53:34.744 [main] BankLogger - User input was 1
[INFO ] 2020-11-02 14:55:00.914 [main] BankLogger - User input was 1
[INFO ] 2020-11-02 14:56:50.948 [main] BankLogger - User input was 1
[INFO ] 2020-11-02 14:59:39.788 [main] BankLogger - User input was 1
[INFO ] 2020-11-02 15:08:43.633 [main] BankLogger - User input was 1
[INFO ] 2020-11-02 15:14:16.389 [main] BankLogger - User input was 1
[INFO ] 2020-11-02 15:20:35.369 [main] BankLogger - User input was 1
[INFO ] 2020-11-02 15:20:56.821 [main] BankLogger - User input was 1
[INFO ] 2020-11-02 15:23:24.076 [main] BankLogger - User input was 1
[INFO ] 2020-11-02 15:24:36.407 [main] BankLogger - User input was 1
[INFO ] 2020-11-02 15:26:26.179 [main] BankLogger - User input was 1
[INFO ] 2020-11-02 15:26:44.888 [main] BankLogger - Logged in as LeiaOrgana
[INFO ] 2020-11-02 15:51:08.613 [main] BankLogger - User input was 1
[INFO ] 2020-11-02 15:51:25.307 [main] BankLogger - Logged in as LeiaOrgana
[INFO ] 2020-11-02 16:08:52.471 [main] BankLogger - User input was 1
[INFO ] 2020-11-02 16:12:54.739 [main] BankLogger - User input was 7
[INFO ] 2020-11-03 15:11:28.803 [main] BankLogger - User input was 2
[INFO ] 2020-11-03 15:13:19.134 [main] BankLogger - User input was 2
[INFO ] 2020-11-03 15:21:10.642 [main] BankLogger - User input was 3
[INFO ] 2020-11-03 15:21:40.542 [main] BankLogger - User input was 2
[INFO ] 2020-11-03 16:38:42.420 [main] BankLogger - User input was 2
[INFO ] 2020-11-03 16:41:07.162 [main] BankLogger - User input was 2
[INFO ] 2020-11-03 16:41:17.272 [main] BankLogger - User input was 2
[INFO ] 2020-11-03 16:41:38.101 [main] BankLogger - User input was 2
[INFO ] 2020-11-04 07:00:14.783 [main] BankLogger - User input was 1
[INFO ] 2020-11-04 07:00:26.775 [main] BankLogger - User input was 7
[INFO ] 2020-11-04 07:00:38.293 [main] BankLogger - User input was 2
[INFO ] 2020-11-04 07:01:09.972 [main] BankLogger - User input was 2
[INFO ] 2020-11-04 07:01:29.742 [main] BankLogger - User input was 3
[INFO ] 2020-11-04 09:35:04.313 [main] BankLogger - User input was 2
[INFO ] 2020-11-04 09:35:17.524 [main] BankLogger - User input was 2
[INFO ] 2020-11-04 09:35:50.653 [main] BankLogger - User input was 3
[INFO ] 2020-11-04 09:36:01.827 [main] BankLogger - User input was 2
[INFO ] 2020-11-04 09:37:43.190 [main] BankLogger - User input was 3
[INFO ] 2020-11-04 09:43:16.474 [main] BankLogger - User input was 2
[INFO ] 2020-11-04 09:43:58.563 [main] BankLogger - User input was 3
[INFO ] 2020-11-04 09:44:15.537 [main] BankLogger - User input was 2
[INFO ] 2020-11-04 09:45:18.619 [main] BankLogger - User input was 2
[INFO ] 2020-11-04 09:52:33.421 [main] BankLogger - User input was 2
[INFO ] 2020-11-04 09:52:44.389 [main] BankLogger - User input was 3
[INFO ] 2020-11-04 09:53:02.422 [main] BankLogger - User input was 2
[INFO ] 2020-11-04 09:53:16.538 [main] BankLogger - User input was 3
[INFO ] 2020-11-04 11:11:07.783 [main] BankLogger - User input was 2
[INFO ] 2020-11-04 11:11:15.686 [main] BankLogger - Created a new login with:
userID: 3
username: hsolo
password: falcon
roleService: customer
[INFO ] 2020-11-04 11:11:28.236 [main] BankLogger - User input was 3
[INFO ] 2020-11-04 12:17:07.118 [main] BankLogger - User input was 2
[INFO ] 2020-11-04 12:17:18.218 [main] BankLogger - Created a new login with:
userID: 1
username: hsolo
password: falcon
roleService: customer
[INFO ] 2020-11-04 12:18:20.167 [main] BankLogger - User input was 2
[INFO ] 2020-11-04 12:18:26.514 [main] BankLogger - Created a new login with:
userID: 3
username: hsolo
password: falcon
roleService: customer
[INFO ] 2020-11-04 12:18:40.791 [main] BankLogger - User input was 3
[INFO ] 2020-11-04 12:48:24.675 [main] BankLogger - User input was 2
[INFO ] 2020-11-04 12:48:49.672 [main] BankLogger - User input was 3
[INFO ] 2020-11-04 13:09:39.335 [main] BankLogger - User input was 2
[INFO ] 2020-11-04 13:09:48.865 [main] BankLogger - Created a new login with:
userID: 3
username: hsolo
password: falcon
roleService: customer
[INFO ] 2020-11-04 13:10:32.959 [main] BankLogger - User input was 2
[INFO ] 2020-11-04 13:10:59.149 [main] BankLogger - User input was 3
