[INFO ] 2020-11-16 14:51:50.152 [main] BankLogger - Logged in as user number null

[INFO ] 2020-11-16 14:59:12.634 [main] BankLogger - The user quit the application.
[INFO ] 2020-11-16 15:04:43.798 [main] BankLogger - Created a new login with:
username: Laura Borst
password: 555nase
roleService: CUSTOMER
givenName: donald duck

[INFO ] 2020-11-16 15:05:12.850 [main] BankLogger - Logged in as user number 5

[INFO ] 2020-11-16 15:05:58.469 [main] BankLogger - User number 5 logged off.
[INFO ] 2020-11-16 15:06:44.217 [main] BankLogger - Logged in as user number 5

[INFO ] 2020-11-16 15:09:35.078 [main] BankLogger - Made a withdrawal of $3.90 from account number 3. The account now has $90.00.

[INFO ] 2020-11-16 15:11:34.154 [main] BankLogger - User number 5 logged off.
[INFO ] 2020-11-16 15:11:49.916 [main] BankLogger - The user quit the application.
[INFO ] 2020-11-16 15:12:58.216 [main] BankLogger - Logged in as user number 5

[INFO ] 2020-11-16 15:13:34.717 [main] BankLogger - User number(s) [5] applied for a savings account.

[INFO ] 2020-11-16 15:13:52.168 [main] BankLogger - User number 5 logged off.
[INFO ] 2020-11-16 15:14:25.740 [main] BankLogger - Logged in as user number 5

[INFO ] 2020-11-16 15:15:41.784 [main] BankLogger - Account number 5 was approved.

[INFO ] 2020-11-16 15:15:57.471 [main] BankLogger - User number 5 logged off.
[INFO ] 2020-11-16 15:16:13.062 [main] BankLogger - Logged in as user number 5

[INFO ] 2020-11-16 15:16:47.508 [main] BankLogger - Made a deposit of $2000000 into account number 5. The account now has $2000000.

[INFO ] 2020-11-16 15:16:57.676 [main] BankLogger - Viewed accounts for user number 5.

[INFO ] 2020-11-16 15:17:11.139 [main] BankLogger - Viewed transactions for user number 5.

[INFO ] 2020-11-16 15:18:04.322 [main] BankLogger - Made a withdrawal of $0.99999 from account number 5. The account now has $1999999.00001.

[INFO ] 2020-11-16 15:18:17.877 [main] BankLogger - Viewed accounts for user number 5.

